2021-12-30 14:07:36 INFO  EmployeesController:22 - getting all of the employees
2021-12-30 14:08:19 INFO  EmployeesController:28 - getting employee by id
2021-12-30 14:09:59 INFO  EmployeesController:28 - getting employee by id
2021-12-30 14:10:03 INFO  EmployeesController:28 - getting employee by id
2021-12-30 14:10:22 INFO  EmployeesController:28 - getting employee by id
2021-12-30 14:10:56 INFO  EmployeesController:28 - getting employee by id
2021-12-30 14:13:14 INFO  EmployeesController:28 - getting employee by id
2021-12-30 14:19:21 INFO  EmployeesController:31 - getting employee by id: 2
2021-12-30 14:19:32 INFO  EmployeesController:24 - getting all of the employees
2021-12-30 14:20:00 INFO  RequestsController:70 - getting all of the requestor requests: 5
2021-12-30 16:20:03 INFO  EmployeesController:24 - getting all of the employees
2021-12-30 16:20:04 INFO  EmployeesController:24 - getting all of the employees
2022-01-01 13:54:15 INFO  RequestsController:70 - getting all of the requestor requests: 4
2022-01-01 13:57:15 INFO  RequestsController:70 - getting all of the requestor requests: 1
2022-01-01 13:57:19 INFO  RequestsController:70 - getting all of the requestor requests: 2
2022-01-01 14:02:40 INFO  RequestsController:70 - getting all of the requestor requests: 2
2022-01-01 14:02:42 INFO  RequestsController:76 - employee: Employee [empId=2, firstName=Homer, lastName=Hanbury-Brown, username=hhanburybrown1, password=GO6f1u6p, role=Role [roleId=8, name=Accounting Manager], funds=722.0, supervisor=null, department=null]
2022-01-01 14:54:21 INFO  RequestsController:70 - getting all of the requestor requests: 4
2022-01-01 14:54:22 INFO  RequestsController:76 - employee: Employee [empId=4, firstName=Rycca, lastName=McOwen, username=rmcowen3, password=7QS2TdnsB7E, role=Role [roleId=1, name=CEO], funds=523.0, supervisor=null, department=null]
2022-01-01 14:55:12 INFO  RequestsController:70 - getting all of the requestor requests: 1
2022-01-01 14:55:13 INFO  RequestsController:76 - employee: Employee [empId=1, firstName=Michelle, lastName=Chadney, username=mchadney0, password=V5UOvZt, role=Role [roleId=5, name=CTO], funds=156.0, supervisor=null, department=null]
2022-01-01 15:23:43 INFO  RequestsController:70 - getting all of the requestor requests: 1
2022-01-01 15:23:44 INFO  RequestsController:76 - employee: Employee [empId=1, firstName=Michelle, lastName=Chadney, username=mchadney0, password=V5UOvZt, role=Role [roleId=5, name=CTO], funds=156.0, supervisor=null, department=null]
2022-01-01 15:24:05 INFO  RequestsController:70 - getting all of the requestor requests: 1
2022-01-01 15:24:05 INFO  RequestsController:76 - employee: Employee [empId=1, firstName=Michelle, lastName=Chadney, username=mchadney0, password=V5UOvZt, role=Role [roleId=5, name=CTO], funds=156.0, supervisor=null, department=null]
2022-01-01 15:24:26 INFO  RequestsController:70 - getting all of the requestor requests: 1
2022-01-01 15:24:27 INFO  RequestsController:76 - employee: Employee [empId=1, firstName=Michelle, lastName=Chadney, username=mchadney0, password=V5UOvZt, role=Role [roleId=5, name=CTO], funds=156.0, supervisor=null, department=null]
2022-01-01 15:25:35 INFO  RequestsController:70 - getting all of the requestor requests: 1
2022-01-01 15:25:37 INFO  RequestsController:76 - employee: Employee [empId=1, firstName=Michelle, lastName=Chadney, username=mchadney0, password=V5UOvZt, role=Role [roleId=5, name=CTO], funds=156.0, supervisor=null, department=null]
2022-01-01 15:43:15 INFO  RequestsController:70 - getting all of the requestor requests: 1
2022-01-01 15:43:34 INFO  RequestsController:76 - employee: Employee [empId=1, firstName=Michelle, lastName=Chadney, username=mchadney0, password=V5UOvZt, role=Role [roleId=5, name=CTO], funds=156.0, supervisor=null, department=null]
2022-01-01 15:52:23 INFO  RequestsController:70 - getting all of the requestor requests: 1
2022-01-01 15:52:25 INFO  RequestsController:76 - employee: Employee [empId=1, firstName=Michelle, lastName=Chadney, username=mchadney0, password=V5UOvZt, role=Role [roleId=5, name=CTO], funds=156.0, supervisor=null, department=null]
2022-01-01 15:57:52 INFO  RequestsController:70 - getting all of the requestor requests: 1
2022-01-01 15:57:54 INFO  RequestsController:76 - employee: Employee [empId=1, firstName=Michelle, lastName=Chadney, username=mchadney0, password=V5UOvZt, role=Role [roleId=5, name=CTO], funds=156.0, supervisor=null, department=null]
2022-01-01 16:29:38 INFO  RequestsController:70 - getting all of the requestor requests: 1
2022-01-01 16:29:40 INFO  RequestsController:76 - employee: Employee [empId=1, firstName=Michelle, lastName=Chadney, username=mchadney0, password=V5UOvZt, role=Role [roleId=5, name=CTO], funds=156.0, supervisor=null, department=null]
2022-01-01 16:31:13 INFO  RequestsController:70 - getting all of the requestor requests: 1
2022-01-01 16:31:15 INFO  RequestsController:76 - employee: Employee [empId=1, firstName=Michelle, lastName=Chadney, username=mchadney0, password=V5UOvZt, role=Role [roleId=5, name=CTO], funds=156.0, supervisor=null, department=null]
2022-01-01 16:39:03 INFO  RequestsController:70 - getting all of the requestor requests: 1
2022-01-01 16:39:04 INFO  RequestsController:76 - employee: Employee [empId=1, firstName=Michelle, lastName=Chadney, username=mchadney0, password=V5UOvZt, role=Role [roleId=5, name=CTO], funds=156.0, supervisor=null, department=null]
2022-01-01 16:41:06 INFO  RequestsController:70 - getting all of the requestor requests: 1
2022-01-01 16:41:08 INFO  RequestsController:76 - employee: Employee [empId=1, firstName=Michelle, lastName=Chadney, username=mchadney0, password=V5UOvZt, role=Role [roleId=5, name=CTO], funds=156.0, supervisor=null, department=null]
2022-01-01 16:41:08 INFO  EmployeesController:297 - resultSet:  org.postgresql.jdbc.PgResultSet@5e9bc82b
2022-01-01 16:42:06 INFO  RequestsController:70 - getting all of the requestor requests: 1
2022-01-01 16:42:08 INFO  RequestsController:76 - employee: Employee [empId=1, firstName=Michelle, lastName=Chadney, username=mchadney0, password=V5UOvZt, role=Role [roleId=5, name=CTO], funds=156.0, supervisor=null, department=null]
2022-01-01 16:42:59 INFO  RequestsController:70 - getting all of the requestor requests: 1
2022-01-01 16:43:01 INFO  RequestsController:76 - employee: Employee [empId=1, firstName=Michelle, lastName=Chadney, username=mchadney0, password=V5UOvZt, role=Role [roleId=5, name=CTO], funds=156.0, supervisor=null, department=null]
2022-01-01 16:50:07 INFO  RequestsController:70 - getting all of the requestor requests: 1
2022-01-01 16:50:08 INFO  RequestsController:76 - employee: Employee [empId=1, firstName=Michelle, lastName=Chadney, username=mchadney0, password=V5UOvZt, role=Role [roleId=5, name=CTO], funds=156.0, supervisor=null, department=null]
2022-01-01 16:52:18 INFO  RequestsController:75 - getting all of the requestor requests: 1
2022-01-01 16:52:20 INFO  RequestsController:81 - employee: Employee [empId=1, firstName=Michelle, lastName=Chadney, username=mchadney0, password=V5UOvZt, role=Role [roleId=5, name=CTO], funds=156.0, supervisor=null, department=null]
2022-01-01 16:53:58 INFO  RequestsController:75 - getting all of the requestor requests: 1
2022-01-01 16:54:00 INFO  RequestsController:81 - employee: Employee [empId=1, firstName=Michelle, lastName=Chadney, username=mchadney0, password=V5UOvZt, role=Role [roleId=5, name=CTO], funds=156.0, supervisor=null, department=null]
2022-01-01 16:58:28 INFO  RequestsController:77 - getting all of the requestor requests: 1
2022-01-01 16:58:30 INFO  RequestsController:83 - employee: Employee [empId=1, firstName=Michelle, lastName=Chadney, username=mchadney0, password=V5UOvZt, role=Role [roleId=5, name=CTO], funds=156.0, supervisor=null, department=null]
2022-01-01 17:06:39 INFO  RequestsController:79 - getting all of the requestor requests: 1
2022-01-01 17:07:46 INFO  RequestsController:79 - getting all of the requestor requests: 1
2022-01-01 17:07:47 INFO  RequestsController:85 - employee: Employee [empId=1, firstName=Michelle, lastName=Chadney, username=mchadney0, password=V5UOvZt, role=Role [roleId=5, name=CTO], funds=156.0, supervisor=null, department=null]
2022-01-01 17:08:47 INFO  RequestsController:79 - getting all of the requestor requests: 1
2022-01-01 17:08:49 INFO  RequestsController:85 - employee: Employee [empId=1, firstName=Michelle, lastName=Chadney, username=mchadney0, password=V5UOvZt, role=Role [roleId=5, name=CTO], funds=156.0, supervisor=null, department=null]
2022-01-01 20:24:12 INFO  RequestsController:79 - getting all of the requestor requests: 1
2022-01-01 20:24:14 INFO  RequestsController:85 - employee: Employee [empId=1, firstName=Michelle, lastName=Chadney, username=mchadney0, password=V5UOvZt, role=Role [roleId=5, name=CTO], funds=156.0, supervisor=null, department=null]
2022-01-01 20:31:13 INFO  RequestsController:80 - getting all of the requestor requests: 1
2022-01-01 20:31:17 INFO  RequestsController:86 - employee: Employee [empId=1, firstName=Michelle, lastName=Chadney, username=mchadney0, password=V5UOvZt, role=Role [roleId=5, name=CTO], funds=156.0, supervisor=null, department=null]
2022-01-01 20:33:31 INFO  RequestsController:78 - getting all of the requestor requests: 1
2022-01-01 20:33:41 INFO  RequestsController:84 - employee: Employee [empId=1, firstName=Michelle, lastName=Chadney, username=mchadney0, password=V5UOvZt, role=Role [roleId=5, name=CTO], funds=156.0, supervisor=null, department=null]
2022-01-01 20:44:33 INFO  RequestsController:78 - getting all of the requestor requests: 1
2022-01-01 20:44:35 INFO  RequestsController:84 - employee: Employee [empId=1, firstName=Michelle, lastName=Chadney, username=mchadney0, password=V5UOvZt, role=Role [roleId=5, name=CTO], funds=156.0, supervisor=null, department=null]
2022-01-02 10:25:52 INFO  RequestsController:79 - getting all of the requestor requests: 1
2022-01-02 10:25:54 INFO  RequestsController:85 - employee: Employee [empId=1, firstName=Michelle, lastName=Chadney, username=mchadney0, password=V5UOvZt, role=Role [roleId=5, name=CTO], funds=156.0, supervisor=null, department=null]
2022-01-03 14:15:33 INFO  RequestsController:84 - getting all of the requestor requests: 1
2022-01-03 14:15:34 INFO  RequestsController:90 - employee: Employee [empId=1, firstName=Michelle, lastName=Chadney, username=mchadney0, password=V5UOvZt, role=Role [roleId=5, name=CTO], funds=156.0, supervisor=Employee [empId=0, firstName=null, lastName=null, username=null, password=null, role=null, funds=0.0, supervisor=null, department=null], department=null]
2022-01-03 14:17:11 INFO  RequestsController:84 - getting all of the requestor requests: 4
2022-01-03 14:17:11 INFO  RequestsController:90 - employee: Employee [empId=4, firstName=Rycca, lastName=McOwen, username=rmcowen3, password=7QS2TdnsB7E, role=Role [roleId=1, name=CEO], funds=523.0, supervisor=Employee [empId=0, firstName=null, lastName=null, username=null, password=null, role=null, funds=0.0, supervisor=null, department=null], department=null]
2022-01-03 14:59:37 INFO  EmployeesController:24 - getting all of the employees
2022-01-03 15:00:28 INFO  EmployeesController:24 - getting all of the employees
2022-01-03 15:04:49 INFO  EmployeesController:24 - getting all of the employees
2022-01-03 15:07:49 INFO  EmployeesController:24 - getting all of the employees
2022-01-03 20:11:11 INFO  RequestsController:84 - getting all of the requestor requests: 10
2022-01-03 20:11:13 INFO  RequestsController:90 - employee: Employee [empId=10, firstName=Ruthi, lastName=Munro, username=rmunro9, password=h1RP10fCdG, role=Role [roleId=9, name=Sales Manager], funds=863.0, supervisor=Employee [empId=9, firstName=null, lastName=null, username=null, password=null, role=null, funds=0.0, supervisor=null, department=null], department=Department [deptId=5, name=Executive, deptHeadId=1]]
2022-01-03 20:13:05 INFO  RequestsController:84 - getting all of the requestor requests: 10
2022-01-03 20:13:07 INFO  RequestsController:90 - employee: Employee [empId=10, firstName=Ruthi, lastName=Munro, username=rmunro9, password=h1RP10fCdG, role=Role [roleId=9, name=Sales Manager], funds=863.0, supervisor=Employee [empId=9, firstName=null, lastName=null, username=null, password=null, role=null, funds=0.0, supervisor=null, department=null], department=Department [deptId=5, name=Executive, deptHeadId=1]]
2022-01-03 20:17:33 INFO  RequestsController:84 - getting all of the requestor requests: 10
2022-01-03 20:17:34 INFO  RequestsController:90 - employee: Employee [empId=10, firstName=Ruthi, lastName=Munro, username=rmunro9, password=h1RP10fCdG, role=Role [roleId=9, name=Sales Manager], funds=863.0, supervisor=Employee [empId=9, firstName=null, lastName=null, username=null, password=null, role=null, funds=0.0, supervisor=null, department=null], department=Department [deptId=5, name=Executive, deptHeadId=1]]
2022-01-03 20:21:37 INFO  RequestsController:84 - getting all of the requestor requests: 10
2022-01-03 20:21:39 INFO  RequestsController:90 - employee: Employee [empId=10, firstName=Ruthi, lastName=Munro, username=rmunro9, password=h1RP10fCdG, role=Role [roleId=9, name=Sales Manager], funds=863.0, supervisor=Employee [empId=9, firstName=null, lastName=null, username=null, password=null, role=null, funds=0.0, supervisor=null, department=null], department=Department [deptId=5, name=Executive, deptHeadId=1]]
2022-01-03 20:24:24 INFO  RequestsController:84 - getting all of the requestor requests: 10
2022-01-03 20:24:34 INFO  RequestsController:90 - employee: Employee [empId=10, firstName=Ruthi, lastName=Munro, username=rmunro9, password=h1RP10fCdG, role=Role [roleId=9, name=Sales Manager], funds=863.0, supervisor=Employee [empId=9, firstName=null, lastName=null, username=null, password=null, role=null, funds=0.0, supervisor=null, department=null], department=Department [deptId=5, name=Executive, deptHeadId=1]]
2022-01-03 20:27:41 INFO  RequestsController:84 - getting all of the requestor requests: 10
2022-01-03 20:27:50 INFO  RequestsController:90 - employee: Employee [empId=10, firstName=Ruthi, lastName=Munro, username=rmunro9, password=h1RP10fCdG, role=Role [roleId=9, name=Sales Manager], funds=863.0, supervisor=Employee [empId=9, firstName=null, lastName=null, username=null, password=null, role=null, funds=0.0, supervisor=null, department=null], department=Department [deptId=5, name=Executive, deptHeadId=1]]
2022-01-03 20:39:22 INFO  RequestsController:84 - getting all of the requestor requests: 10
2022-01-03 20:39:24 INFO  RequestsController:90 - employee: Employee [empId=10, firstName=Ruthi, lastName=Munro, username=rmunro9, password=h1RP10fCdG, role=Role [roleId=9, name=Sales Manager], funds=863.0, supervisor=Employee [empId=9, firstName=null, lastName=null, username=null, password=null, role=null, funds=0.0, supervisor=null, department=null], department=Department [deptId=5, name=Executive, deptHeadId=1]]
2022-01-03 20:46:29 INFO  RequestsController:84 - getting all of the requestor requests: 10
2022-01-03 20:46:29 INFO  RequestsController:90 - employee: Employee [empId=10, firstName=Ruthi, lastName=Munro, username=rmunro9, password=h1RP10fCdG, role=Role [roleId=9, name=Sales Manager], funds=863.0, supervisor=Employee [empId=9, firstName=null, lastName=null, username=null, password=null, role=null, funds=0.0, supervisor=null, department=null], department=Department [deptId=5, name=Executive, deptHeadId=1]]
2022-01-03 20:48:29 INFO  EmployeesController:24 - getting all of the employees
2022-01-03 20:50:27 INFO  EmployeesController:31 - getting employee by id: 10
